{"/home/s/repos/x/useful-javascript-libraries/src/_modules/getScore.js": {"path":"/home/s/repos/x/useful-javascript-libraries/src/_modules/getScore.js","statementMap":{"0":{"start":{"line":1,"column":14},"end":{"line":1,"column":30}},"1":{"start":{"line":4,"column":16},"end":{"line":4,"column":33}},"2":{"start":{"line":5,"column":16},"end":{"line":5,"column":24}},"3":{"start":{"line":7,"column":2},"end":{"line":7,"column":33}},"4":{"start":{"line":10,"column":16},"end":{"line":10,"column":17}},"5":{"start":{"line":11,"column":15},"end":{"line":11,"column":16}},"6":{"start":{"line":12,"column":14},"end":{"line":12,"column":15}},"7":{"start":{"line":15,"column":25},"end":{"line":15,"column":55}},"8":{"start":{"line":16,"column":24},"end":{"line":16,"column":44}},"9":{"start":{"line":17,"column":21},"end":{"line":17,"column":45}},"10":{"start":{"line":18,"column":24},"end":{"line":18,"column":46}},"11":{"start":{"line":20,"column":2},"end":{"line":20,"column":68}},"12":{"start":{"line":23,"column":0},"end":{"line":23,"column":27}}},"fnMap":{"0":{"name":"dateDiff","decl":{"start":{"line":3,"column":9},"end":{"line":3,"column":17}},"loc":{"start":{"line":3,"column":20},"end":{"line":8,"column":1}},"line":3},"1":{"name":"getScore","decl":{"start":{"line":14,"column":10},"end":{"line":14,"column":18}},"loc":{"start":{"line":14,"column":32},"end":{"line":21,"column":1}},"line":14}},"branchMap":{"0":{"loc":{"start":{"line":18,"column":24},"end":{"line":18,"column":46}},"type":"cond-expr","locations":[{"start":{"line":18,"column":36},"end":{"line":18,"column":42}},{"start":{"line":18,"column":45},"end":{"line":18,"column":46}}],"line":18}},"s":{"0":1,"1":6,"2":6,"3":6,"4":1,"5":1,"6":1,"7":6,"8":6,"9":6,"10":6,"11":6,"12":1},"f":{"0":6,"1":6},"b":{"0":[1,5]},"_coverageSchema":"332fd63041d2c1bcb487cc26dd0d5f7d97098a6c","hash":"00a542665def71ec0167fe9fd515007c8cb5e932"}
}
